#
# There is insufficient memory for the Java Runtime Environment to continue.
# Native memory allocation (mmap) failed to map 264241152 bytes for G1 virtual space
# Possible reasons:
#   The system is out of physical RAM or swap space
#   The process is running with CompressedOops enabled, and the Java Heap may be blocking the growth of the native heap
# Possible solutions:
#   Reduce memory load on the system
#   Increase physical memory or swap space
#   Check if swap backing store is full
#   Decrease Java heap size (-Xmx/-Xms)
#   Decrease number of Java threads
#   Decrease Java thread stack sizes (-Xss)
#   Set larger code cache with -XX:ReservedCodeCacheSize=
#   JVM is running with Zero Based Compressed Oops mode in which the Java heap is
#     placed in the first 32GB address space. The Java Heap base address is the
#     maximum limit for the native heap growth. Please use -XX:HeapBaseMinAddress
#     to set the Java Heap base and to place the Java Heap above 32GB virtual address.
# This output file may be truncated or incomplete.
#
#  Out of Memory Error (os_windows.cpp:3829), pid=21040, tid=11376
#
# JRE version:  (17.0.8+7) (build )
# Java VM: OpenJDK 64-Bit Server VM (17.0.8+7-b1000.8, mixed mode, sharing, tiered, compressed oops, compressed class ptrs, g1 gc, windows-amd64)
# No core dump will be written. Minidumps are not enabled by default on client versions of Windows
#

---------------  S U M M A R Y ------------

Command Line: git4idea.http.GitAskPassApp Username for 'https://github.com': 

Host: 12th Gen Intel(R) Core(TM) i5-12500H, 16 cores, 15G,  Windows 11 , 64 bit Build 22621 (10.0.22621.3527)
Time: Tue May 21 19:43:07 2024 RTZ 4 (s 11 , 64 bit Build 22621 (10.0.22621.3527) elapsed time: 0.017833 seconds (0d 0h 0m 0s)

---------------  T H R E A D  ---------------

Current thread (0x00000124344eadb0):  JavaThread "Unknown thread" [_thread_in_vm, id=11376, stack(0x000000149da00000,0x000000149db00000)]

Stack: [0x000000149da00000,0x000000149db00000]
Native frames: (J=compiled Java code, j=interpreted, Vv=VM code, C=native code)
V  [jvm.dll+0x6852da]
V  [jvm.dll+0x844c84]
V  [jvm.dll+0x84659e]
V  [jvm.dll+0x846c03]
V  [jvm.dll+0x24b7cf]
V  [jvm.dll+0x682049]
V  [jvm.dll+0x67671a]
V  [jvm.dll+0x30be2b]
V  [jvm.dll+0x3132d6]
V  [jvm.dll+0x36302e]
V  [jvm.dll+0x36325f]
V  [jvm.dll+0x2e1f48]
V  [jvm.dll+0x2e2eb4]
V  [jvm.dll+0x815c11]
V  [jvm.dll+0x370df1]
V  [jvm.dll+0x7f4fdc]
V  [jvm.dll+0x3f3f1f]
V  [jvm.dll+0x3f5b31]
C  [jli.dll+0x528f]
C  [ucrtbase.dll+0x29333]
C  [KERNEL32.DLL+0x1257d]
C  [ntdll.dll+0x5aa48]


---------------  P R O C E S S  ---------------

Threads class SMR info:
_java_thread_list=0x00007ffa25320098, length=0, elements={
}

Java Threads: ( => current thread )

Other Threads:
  0x00000124345560f0 GCTaskThread "GC Thread#0" [stack: 0x000000149db00000,0x000000149dc00000] [id=5844]
  0x0000012434566c00 ConcurrentGCThread "G1 Main Marker" [stack: 0x000000149dc00000,0x000000149dd00000] [id=3228]
  0x0000012434567610 ConcurrentGCThread "G1 Conc#0" [stack: 0x000000149dd00000,0x000000149de00000] [id=17864]

[error occurred during error reporting (printing all threads), id 0xc0000005, EXCEPTION_ACCESS_VIOLATION (0xc0000005) at pc=0x00007ffa24ad2ab7]

VM state: not at safepoint (not fully initialized)

VM Mutex/Monitor currently owned by a thread:  ([mutex/lock_event])
[0x00000124344e5fe0] Heap_lock - owner thread: 0x00000124344eadb0

Heap address: 0x0000000704400000, size: 4028 MB, Compressed Oops mode: Zero based, Oop shift amount: 3

CDS archive(s) mapped at: [0x0000000000000000-0x0000000000000000-0x0000000000000000), size 0, SharedBaseAddress: 0x0000000800000000, ArchiveRelocationMode: 1.
Narrow klass base: 0x0000000000000000, Narrow klass shift: 0, Narrow klass range: 0x0

GC Precious Log:
<Empty>

Heap:
 garbage-first heap   total 0K, used 0K [0x0000000704400000, 0x0000000800000000)
  region size 2048K, 0 young (0K), 0 survivors (0K)
 Metaspace       used 0K, committed 0K, reserved 0K
  class space    used 0K, committed 0K, reserved 0K

Heap Regions: E=young(eden), S=young(survivor), O=old, HS=humongous(starts), HC=humongous(continues), CS=collection set, F=free, OA=open archive, CA=closed archive, TAMS=top-at-mark-start (previous, next)

Card table byte_map: [0x0000012449bc0000,0x000001244a3a0000] _byte_map_base: 0x000001244639e000

Marking Bits (Prev, Next): (CMBitMap*) 0x0000012434556710, (CMBitMap*) 0x0000012434556750
 Prev Bits: [0x000001244ab80000, 0x000001244ea70000)
 Next Bits: [0x000001244ea70000, 0x0000012452960000)

GC Heap History (0 events):
No events

Dll operation events (1 events):
Event: 0.012 Loaded shared library D:\Programs\JetBrains Rider 2023.2.1\jbr\bin\java.dll

Deoptimization events (0 events):
No events

Classes unloaded (0 events):
No events

Classes redefined (0 events):
No events

Internal exceptions (0 events):
No events

VM Operations (0 events):
No events

Events (0 events):
No events


Dynamic libraries:
0x00007ff601ad0000 - 0x00007ff601ada000 	D:\Programs\JetBrains Rider 2023.2.1\jbr\bin\java.exe
0x00007ffa69550000 - 0x00007ffa69767000 	C:\Windows\SYSTEM32\ntdll.dll
0x00007ffa68890000 - 0x00007ffa68954000 	C:\Windows\System32\KERNEL32.DLL
0x00007ffa66b90000 - 0x00007ffa66f37000 	C:\Windows\System32\KERNELBASE.dll
0x00007ffa66f40000 - 0x00007ffa67051000 	C:\Windows\System32\ucrtbase.dll
0x00007ffa3c3c0000 - 0x00007ffa3c3d7000 	D:\Programs\JetBrains Rider 2023.2.1\jbr\bin\jli.dll
0x00007ffa28140000 - 0x00007ffa2815b000 	D:\Programs\JetBrains Rider 2023.2.1\jbr\bin\VCRUNTIME140.dll
0x00007ffa67280000 - 0x00007ffa6742e000 	C:\Windows\System32\USER32.dll
0x00007ffa66b60000 - 0x00007ffa66b86000 	C:\Windows\System32\win32u.dll
0x00007ffa50390000 - 0x00007ffa50623000 	C:\Windows\WinSxS\amd64_microsoft.windows.common-controls_6595b64144ccf1df_6.0.22621.3527_none_270e469b73872a76\COMCTL32.dll
0x00007ffa691e0000 - 0x00007ffa69209000 	C:\Windows\System32\GDI32.dll
0x00007ffa66870000 - 0x00007ffa66989000 	C:\Windows\System32\gdi32full.dll
0x00007ffa69210000 - 0x00007ffa692b7000 	C:\Windows\System32\msvcrt.dll
0x00007ffa66990000 - 0x00007ffa66a2a000 	C:\Windows\System32\msvcp_win.dll
0x00007ffa68c30000 - 0x00007ffa68c61000 	C:\Windows\System32\IMM32.DLL
0x00007ffa3b320000 - 0x00007ffa3b32c000 	D:\Programs\JetBrains Rider 2023.2.1\jbr\bin\vcruntime140_1.dll
0x00007ffa19dd0000 - 0x00007ffa19e5d000 	D:\Programs\JetBrains Rider 2023.2.1\jbr\bin\msvcp140.dll
0x00007ffa247e0000 - 0x00007ffa25463000 	D:\Programs\JetBrains Rider 2023.2.1\jbr\bin\server\jvm.dll
0x00007ffa67890000 - 0x00007ffa67942000 	C:\Windows\System32\ADVAPI32.dll
0x00007ffa69130000 - 0x00007ffa691d8000 	C:\Windows\System32\sechost.dll
0x00007ffa670e0000 - 0x00007ffa67108000 	C:\Windows\System32\bcrypt.dll
0x00007ffa693f0000 - 0x00007ffa69505000 	C:\Windows\System32\RPCRT4.dll
0x00007ffa5dd90000 - 0x00007ffa5dd99000 	C:\Windows\SYSTEM32\WSOCK32.dll
0x00007ffa5eeb0000 - 0x00007ffa5eee4000 	C:\Windows\SYSTEM32\WINMM.dll
0x00007ffa67450000 - 0x00007ffa674c1000 	C:\Windows\System32\WS2_32.dll
0x00007ffa5e240000 - 0x00007ffa5e24a000 	C:\Windows\SYSTEM32\VERSION.dll
0x00007ffa66730000 - 0x00007ffa6677d000 	C:\Windows\SYSTEM32\POWRPROF.dll
0x00007ffa66710000 - 0x00007ffa66723000 	C:\Windows\SYSTEM32\UMPDC.dll
0x00007ffa657f0000 - 0x00007ffa65808000 	C:\Windows\SYSTEM32\kernel.appcore.dll
0x00007ffa4bcf0000 - 0x00007ffa4bcfa000 	D:\Programs\JetBrains Rider 2023.2.1\jbr\bin\jimage.dll
0x00007ffa63e00000 - 0x00007ffa64032000 	C:\Windows\SYSTEM32\DBGHELP.DLL
0x00007ffa67500000 - 0x00007ffa67888000 	C:\Windows\System32\combase.dll
0x00007ffa689f0000 - 0x00007ffa68ac7000 	C:\Windows\System32\OLEAUT32.dll
0x00007ffa5da70000 - 0x00007ffa5daa2000 	C:\Windows\SYSTEM32\dbgcore.DLL
0x00007ffa67060000 - 0x00007ffa670d9000 	C:\Windows\System32\bcryptPrimitives.dll
0x00007ffa4bbf0000 - 0x00007ffa4bc15000 	D:\Programs\JetBrains Rider 2023.2.1\jbr\bin\java.dll

dbghelp: loaded successfully - version: 4.0.5 - missing functions: none
symbol engine: initialized successfully - sym options: 0x614 - pdb path: .;D:\Programs\JetBrains Rider 2023.2.1\jbr\bin;C:\Windows\SYSTEM32;C:\Windows\WinSxS\amd64_microsoft.windows.common-controls_6595b64144ccf1df_6.0.22621.3527_none_270e469b73872a76;D:\Programs\JetBrains Rider 2023.2.1\jbr\bin\server

VM Arguments:
java_command: git4idea.http.GitAskPassApp Username for 'https://github.com': 
java_class_path (initial): D:/Programs/JetBrains Rider 2023.2.1/plugins/vcs-git/lib/git4idea-rt.jar;D:/Programs/JetBrains Rider 2023.2.1/lib/externalProcess-rt.jar
Launcher Type: SUN_STANDARD

[Global flags]
     intx CICompilerCount                          = 12                                        {product} {ergonomic}
     uint ConcGCThreads                            = 3                                         {product} {ergonomic}
     uint G1ConcRefinementThreads                  = 13                                        {product} {ergonomic}
   size_t G1HeapRegionSize                         = 2097152                                   {product} {ergonomic}
    uintx GCDrainStackTargetSize                   = 64                                        {product} {ergonomic}
   size_t InitialHeapSize                          = 264241152                                 {product} {ergonomic}
   size_t MarkStackSize                            = 4194304                                   {product} {ergonomic}
   size_t MaxHeapSize                              = 4223664128                                {product} {ergonomic}
   size_t MinHeapDeltaBytes                        = 2097152                                   {product} {ergonomic}
   size_t MinHeapSize                              = 8388608                                   {product} {ergonomic}
    uintx NonNMethodCodeHeapSize                   = 7602480                                {pd product} {ergonomic}
    uintx NonProfiledCodeHeapSize                  = 122027880                              {pd product} {ergonomic}
    uintx ProfiledCodeHeapSize                     = 122027880                              {pd product} {ergonomic}
    uintx ReservedCodeCacheSize                    = 251658240                              {pd product} {ergonomic}
     bool SegmentedCodeCache                       = true                                      {product} {ergonomic}
   size_t SoftMaxHeapSize                          = 4223664128                             {manageable} {ergonomic}
     bool UseCompressedClassPointers               = true                           {product lp64_product} {ergonomic}
     bool UseCompressedOops                        = true                           {product lp64_product} {ergonomic}
     bool UseG1GC                                  = true                                      {product} {ergonomic}
     bool UseLargePagesIndividualAllocation        = false                                  {pd product} {ergonomic}

Logging:
Log output configuration:
 #0: stdout all=warning uptime,level,tags
 #1: stderr all=off uptime,level,tags

Environment Variables:
PATH=D:\Programs\Git\mingw64\libexec\git-core;D:\Programs\Git\mingw64\libexec\git-core;D:\Programs\Git\mingw64\bin;D:\Programs\Git\usr\bin;C:\Users\vladr\bin;C:\Program Files (x86)\Common Files\Oracle\Java\javapath;D:\Programs\Python3114\Scripts;D:\Programs\Python3114;C:\Windows\system32;C:\Windows;C:\Windows\System32\Wbem;C:\Windows\System32\WindowsPowerShell\v1.0;C:\Windows\System32\OpenSSH;C:\Program Files (x86)\NVIDIA Corporation\PhysX\Common;C:\Program Files\Microsoft SQL Server\150\Tools\Binn;C:\Program Files\dotnet;D:\Programs\Git\cmd;C:\Program Files\NVIDIA Corporation\NVIDIA NvDLISR;C:\Users\vladr\AppData\Local\Programs\Python\Python39\Scripts;C:\Users\vladr\AppData\Local\Programs\Python\Python39;D:\фиит\Challenge\Python39\Scripts;D:\фиит\Challenge\Python39;C:\Users\vladr\AppData\Local\Microsoft\WindowsApps;D:\Programs\Microsoft VS Code\bin;D:\Programs\JetBrains Rider 2023.2.1\bin;C:\Users\vladr\.dotnet\tools;F:\Programs\PyCharm 2023.3.4\bin
USERNAME=vladr
DISPLAY=:0.0
LC_ALL=en_US.UTF-8
TERM=xterm-256color
TMPDIR=C:\Users\vladr\AppData\Local\Temp
OS=Windows_NT
PROCESSOR_IDENTIFIER=Intel64 Family 6 Model 154 Stepping 3, GenuineIntel
TMP=C:\Users\vladr\AppData\Local\Temp
TEMP=C:\Users\vladr\AppData\Local\Temp


JNI global refs:
JNI global refs: 0, weak refs: 0

JNI global refs memory usage: 0, weak refs: 0

OOME stack traces (most recent first):
Classloader memory used:


---------------  S Y S T E M  ---------------

OS:
 Windows 11 , 64 bit Build 22621 (10.0.22621.3527)
OS uptime: 1 days 5:14 hours
Hyper-V role detected

CPU: total 16 (initial active 16) (8 cores per cpu, 2 threads per core) family 6 model 154 stepping 3 microcode 0x41e, cx8, cmov, fxsr, ht, mmx, 3dnowpref, sse, sse2, sse3, ssse3, sse4.1, sse4.2, popcnt, lzcnt, tsc, tscinvbit, avx, avx2, aes, erms, clmul, bmi1, bmi2, adx, sha, fma, vzeroupper, clflush, clflushopt, clwb, hv
Processor Information for processor 0
  Max Mhz: 2500, Current Mhz: 2500, Mhz Limit: 2500
Processor Information for processor 1
  Max Mhz: 2500, Current Mhz: 2500, Mhz Limit: 2500
Processor Information for processor 2
  Max Mhz: 2500, Current Mhz: 2500, Mhz Limit: 2500
Processor Information for processor 3
  Max Mhz: 2500, Current Mhz: 2500, Mhz Limit: 2500
Processor Information for processor 4
  Max Mhz: 2500, Current Mhz: 2500, Mhz Limit: 2500
Processor Information for processor 5
  Max Mhz: 2500, Current Mhz: 2500, Mhz Limit: 2500
Processor Information for processor 6
  Max Mhz: 2500, Current Mhz: 2500, Mhz Limit: 2500
Processor Information for processor 7
  Max Mhz: 2500, Current Mhz: 2500, Mhz Limit: 2500
Processor Information for processor 8
  Max Mhz: 2500, Current Mhz: 1800, Mhz Limit: 1800
Processor Information for processor 9
  Max Mhz: 2500, Current Mhz: 1800, Mhz Limit: 1800
Processor Information for processor 10
  Max Mhz: 2500, Current Mhz: 1800, Mhz Limit: 1800
Processor Information for processor 11
  Max Mhz: 2500, Current Mhz: 1800, Mhz Limit: 1800
Processor Information for processor 12
  Max Mhz: 2500, Current Mhz: 1800, Mhz Limit: 1800
Processor Information for processor 13
  Max Mhz: 2500, Current Mhz: 1800, Mhz Limit: 1800
Processor Information for processor 14
  Max Mhz: 2500, Current Mhz: 1500, Mhz Limit: 1800
Processor Information for processor 15
  Max Mhz: 2500, Current Mhz: 1800, Mhz Limit: 1800

Memory: 4k page, system-wide physical 16104M (882M free)
TotalPageFile size 27591M (AvailPageFile size 163M)
current process WorkingSet (physical memory assigned to process): 11M, peak: 11M
current process commit charge ("private bytes"): 70M, peak: 322M

vm_info: OpenJDK 64-Bit Server VM (17.0.8+7-b1000.8) for windows-amd64 JRE (17.0.8+7-b1000.8), built on 2023-08-04 by "builduser" with MS VC++ 16.10 / 16.11 (VS2019)

END.
